<?xml version="1.0" encoding="UTF-8"?>
<!-- Generated by org.testng.reporters.JUnitReportReporter -->
<testsuite hostname="LAPTOP-7Q7P3T78" failures="0" tests="3" name="Test.Google" time="4.697" errors="0" timestamp="2022-06-21T00:00:31 EET" skipped="0">
  <testcase classname="Test.Google" name="TestCase1" time="2.547"/>
  <system-out/>
  <testcase classname="Test.Google" name="TestCase2" time="1.932"/>
  <system-out/>
  <testcase classname="Test.Google" name="TestCase3" time="0.218"/>
  <system-out/>
</testsuite> <!-- Test.Google -->
